This file contains any messages produced by compilers while
running configure, to aid debugging if configure makes a mistake.

It was created by ProgramDist configure 0.01, which was
generated by GNU Autoconf 2.69.  Invocation command line was

  $ ./configure 

## --------- ##
## Platform. ##
## --------- ##

hostname = ubuntu
uname -m = x86_64
uname -r = 5.4.0-54-generic
uname -s = Linux
uname -v = #60-Ubuntu SMP Fri Nov 6 10:37:59 UTC 2020

/usr/bin/uname -p = x86_64
/bin/uname -X     = unknown

/bin/arch              = x86_64
/usr/bin/arch -k       = unknown
/usr/convex/getsysinfo = unknown
/usr/bin/hostinfo      = unknown
/bin/machine           = unknown
/usr/bin/oslevel       = unknown
/bin/universe          = unknown

PATH: /usr/local/sbin
PATH: /usr/local/bin
PATH: /usr/sbin
PATH: /usr/bin
PATH: /sbin
PATH: /bin
PATH: /usr/games
PATH: /usr/local/games
PATH: /snap/bin
PATH: /usr/lib/jvm/java-8-oracle/bin
PATH: /usr/lib/jvm/java-8-oracle/db/bin
PATH: /usr/lib/jvm/java-8-oracle/jre/bin


## ----------- ##
## Core tests. ##
## ----------- ##

configure:2208: checking for a BSD-compatible install
configure:2276: result: /usr/bin/install -c
configure:2287: checking whether build environment is sane
configure:2342: result: yes
configure:2491: checking for a thread-safe mkdir -p
configure:2530: result: /usr/bin/mkdir -p
configure:2537: checking for gawk
configure:2553: found /usr/bin/gawk
configure:2564: result: gawk
configure:2575: checking whether make sets $(MAKE)
configure:2597: result: yes
configure:2626: checking whether make supports nested variables
configure:2643: result: yes
configure:2833: checking for g++
configure:2849: found /usr/bin/g++
configure:2860: result: g++
configure:2887: checking for C++ compiler version
configure:2896: g++ --version >&5
g++ (Ubuntu 9.3.0-17ubuntu1~20.04) 9.3.0
Copyright (C) 2019 Free Software Foundation, Inc.
This is free software; see the source for copying conditions.  There is NO
warranty; not even for MERCHANTABILITY or FITNESS FOR A PARTICULAR PURPOSE.

configure:2907: $? = 0
configure:2896: g++ -v >&5
Using built-in specs.
COLLECT_GCC=g++
COLLECT_LTO_WRAPPER=/usr/lib/gcc/x86_64-linux-gnu/9/lto-wrapper
OFFLOAD_TARGET_NAMES=nvptx-none:hsa
OFFLOAD_TARGET_DEFAULT=1
Target: x86_64-linux-gnu
Configured with: ../src/configure -v --with-pkgversion='Ubuntu 9.3.0-17ubuntu1~20.04' --with-bugurl=file:///usr/share/doc/gcc-9/README.Bugs --enable-languages=c,ada,c++,go,brig,d,fortran,objc,obj-c++,gm2 --prefix=/usr --with-gcc-major-version-only --program-suffix=-9 --program-prefix=x86_64-linux-gnu- --enable-shared --enable-linker-build-id --libexecdir=/usr/lib --without-included-gettext --enable-threads=posix --libdir=/usr/lib --enable-nls --enable-clocale=gnu --enable-libstdcxx-debug --enable-libstdcxx-time=yes --with-default-libstdcxx-abi=new --enable-gnu-unique-object --disable-vtable-verify --enable-plugin --enable-default-pie --with-system-zlib --with-target-system-zlib=auto --enable-objc-gc=auto --enable-multiarch --disable-werror --with-arch-32=i686 --with-abi=m64 --with-multilib-list=m32,m64,mx32 --enable-multilib --with-tune=generic --enable-offload-targets=nvptx-none=/build/gcc-9-HskZEa/gcc-9-9.3.0/debian/tmp-nvptx/usr,hsa --without-cuda-driver --enable-checking=release --build=x86_64-linux-gnu --host=x86_64-linux-gnu --target=x86_64-linux-gnu
Thread model: posix
gcc version 9.3.0 (Ubuntu 9.3.0-17ubuntu1~20.04) 
configure:2907: $? = 0
configure:2896: g++ -V >&5
g++: error: unrecognized command line option '-V'
g++: fatal error: no input files
compilation terminated.
configure:2907: $? = 1
configure:2896: g++ -qversion >&5
g++: error: unrecognized command line option '-qversion'; did you mean '--version'?
g++: fatal error: no input files
compilation terminated.
configure:2907: $? = 1
configure:2927: checking whether the C++ compiler works
configure:2949: g++    conftest.cpp  >&5
configure:2953: $? = 0
configure:3001: result: yes
configure:3004: checking for C++ compiler default output file name
configure:3006: result: a.out
configure:3012: checking for suffix of executables
configure:3019: g++ -o conftest    conftest.cpp  >&5
configure:3023: $? = 0
configure:3045: result: 
configure:3067: checking whether we are cross compiling
configure:3075: g++ -o conftest    conftest.cpp  >&5
configure:3079: $? = 0
configure:3086: ./conftest
configure:3090: $? = 0
configure:3078: result: no
configure:3083: checking for suffix of object files
configure:3105: g++ -c   conftest.cpp >&5
configure:3109: $? = 0
configure:3130: result: o
configure:3134: checking whether we are using the GNU C++ compiler
configure:3153: g++ -c   conftest.cpp >&5
configure:3153: $? = 0
configure:3162: result: yes
configure:3171: checking whether g++ accepts -g
configure:3191: g++ -c -g  conftest.cpp >&5
configure:3191: $? = 0
configure:3232: result: yes
configure:3258: checking whether make supports the include directive
configure:3273: make -f confmf.GNU && cat confinc.out
this is the am__doit target
configure:3276: $? = 0
configure:3295: result: yes (GNU style)
configure:3320: checking dependency style of g++
configure:3431: result: gcc3
configure:3494: checking for gcc
configure:3510: found /usr/bin/gcc
configure:3521: result: gcc
configure:3750: checking for C compiler version
configure:3759: gcc --version >&5
gcc (Ubuntu 9.3.0-17ubuntu1~20.04) 9.3.0
Copyright (C) 2019 Free Software Foundation, Inc.
This is free software; see the source for copying conditions.  There is NO
warranty; not even for MERCHANTABILITY or FITNESS FOR A PARTICULAR PURPOSE.

configure:3770: $? = 0
configure:3759: gcc -v >&5
Using built-in specs.
COLLECT_GCC=gcc
COLLECT_LTO_WRAPPER=/usr/lib/gcc/x86_64-linux-gnu/9/lto-wrapper
OFFLOAD_TARGET_NAMES=nvptx-none:hsa
OFFLOAD_TARGET_DEFAULT=1
Target: x86_64-linux-gnu
Configured with: ../src/configure -v --with-pkgversion='Ubuntu 9.3.0-17ubuntu1~20.04' --with-bugurl=file:///usr/share/doc/gcc-9/README.Bugs --enable-languages=c,ada,c++,go,brig,d,fortran,objc,obj-c++,gm2 --prefix=/usr --with-gcc-major-version-only --program-suffix=-9 --program-prefix=x86_64-linux-gnu- --enable-shared --enable-linker-build-id --libexecdir=/usr/lib --without-included-gettext --enable-threads=posix --libdir=/usr/lib --enable-nls --enable-clocale=gnu --enable-libstdcxx-debug --enable-libstdcxx-time=yes --with-default-libstdcxx-abi=new --enable-gnu-unique-object --disable-vtable-verify --enable-plugin --enable-default-pie --with-system-zlib --with-target-system-zlib=auto --enable-objc-gc=auto --enable-multiarch --disable-werror --with-arch-32=i686 --with-abi=m64 --with-multilib-list=m32,m64,mx32 --enable-multilib --with-tune=generic --enable-offload-targets=nvptx-none=/build/gcc-9-HskZEa/gcc-9-9.3.0/debian/tmp-nvptx/usr,hsa --without-cuda-driver --enable-checking=release --build=x86_64-linux-gnu --host=x86_64-linux-gnu --target=x86_64-linux-gnu
Thread model: posix
gcc version 9.3.0 (Ubuntu 9.3.0-17ubuntu1~20.04) 
configure:3770: $? = 0
configure:3759: gcc -V >&5
gcc: error: unrecognized command line option '-V'
gcc: fatal error: no input files
compilation terminated.
configure:3770: $? = 1
configure:3759: gcc -qversion >&5
gcc: error: unrecognized command line option '-qversion'; did you mean '--version'?
gcc: fatal error: no input files
compilation terminated.
configure:3770: $? = 1
configure:3774: checking whether we are using the GNU C compiler
configure:3793: gcc -c   conftest.c >&5
configure:3793: $? = 0
configure:3802: result: yes
configure:3811: checking whether gcc accepts -g
configure:3831: gcc -c -g  conftest.c >&5
configure:3831: $? = 0
configure:3872: result: yes
configure:3889: checking for gcc option to accept ISO C89
configure:3952: gcc  -c -g -O2  conftest.c >&5
configure:3952: $? = 0
configure:3965: result: none needed
configure:3990: checking whether gcc understands -c and -o together
configure:4012: gcc -c conftest.c -o conftest2.o
configure:4015: $? = 0
configure:4012: gcc -c conftest.c -o conftest2.o
configure:4015: $? = 0
configure:4027: result: yes
configure:4046: checking dependency style of gcc
configure:4157: result: gcc3
configure:4184: checking how to run the C preprocessor
configure:4215: gcc -E  conftest.c
configure:4215: $? = 0
configure:4229: gcc -E  conftest.c
conftest.c:11:10: fatal error: ac_nonexistent.h: No such file or directory
   11 | #include <ac_nonexistent.h>
      |          ^~~~~~~~~~~~~~~~~~
compilation terminated.
configure:4229: $? = 1
configure: failed program was:
| /* confdefs.h */
| #define PACKAGE_NAME "ProgramDist"
| #define PACKAGE_TARNAME "programdist"
| #define PACKAGE_VERSION "0.01"
| #define PACKAGE_STRING "ProgramDist 0.01"
| #define PACKAGE_BUGREPORT "fasgetz@yandex.ru"
| #define PACKAGE_URL ""
| #define PACKAGE "programdist"
| #define VERSION "0.01"
| /* end confdefs.h.  */
| #include <ac_nonexistent.h>
configure:4254: result: gcc -E
configure:4274: gcc -E  conftest.c
configure:4274: $? = 0
configure:4288: gcc -E  conftest.c
conftest.c:11:10: fatal error: ac_nonexistent.h: No such file or directory
   11 | #include <ac_nonexistent.h>
      |          ^~~~~~~~~~~~~~~~~~
compilation terminated.
configure:4288: $? = 1
configure: failed program was:
| /* confdefs.h */
| #define PACKAGE_NAME "ProgramDist"
| #define PACKAGE_TARNAME "programdist"
| #define PACKAGE_VERSION "0.01"
| #define PACKAGE_STRING "ProgramDist 0.01"
| #define PACKAGE_BUGREPORT "fasgetz@yandex.ru"
| #define PACKAGE_URL ""
| #define PACKAGE "programdist"
| #define VERSION "0.01"
| /* end confdefs.h.  */
| #include <ac_nonexistent.h>
configure:4317: checking for grep that handles long lines and -e
configure:4375: result: /usr/bin/grep
configure:4380: checking for egrep
configure:4442: result: /usr/bin/grep -E
configure:4447: checking for ANSI C header files
configure:4467: gcc -c -g -O2  conftest.c >&5
configure:4467: $? = 0
configure:4540: gcc -o conftest -g -O2   conftest.c  >&5
configure:4540: $? = 0
configure:4540: ./conftest
configure:4540: $? = 0
configure:4551: result: yes
configure:4564: checking for sys/types.h
configure:4564: gcc -c -g -O2  conftest.c >&5
configure:4564: $? = 0
configure:4564: result: yes
configure:4564: checking for sys/stat.h
configure:4564: gcc -c -g -O2  conftest.c >&5
configure:4564: $? = 0
configure:4564: result: yes
configure:4564: checking for stdlib.h
configure:4564: gcc -c -g -O2  conftest.c >&5
configure:4564: $? = 0
configure:4564: result: yes
configure:4564: checking for string.h
configure:4564: gcc -c -g -O2  conftest.c >&5
configure:4564: $? = 0
configure:4564: result: yes
configure:4564: checking for memory.h
configure:4564: gcc -c -g -O2  conftest.c >&5
configure:4564: $? = 0
configure:4564: result: yes
configure:4564: checking for strings.h
configure:4564: gcc -c -g -O2  conftest.c >&5
configure:4564: $? = 0
configure:4564: result: yes
configure:4564: checking for inttypes.h
configure:4564: gcc -c -g -O2  conftest.c >&5
configure:4564: $? = 0
configure:4564: result: yes
configure:4564: checking for stdint.h
configure:4564: gcc -c -g -O2  conftest.c >&5
configure:4564: $? = 0
configure:4564: result: yes
configure:4564: checking for unistd.h
configure:4564: gcc -c -g -O2  conftest.c >&5
configure:4564: $? = 0
configure:4564: result: yes
configure:4576: checking for stdbool.h that conforms to C99
configure:4643: gcc -c -g -O2  conftest.c >&5
configure:4643: $? = 0
configure:4650: result: yes
configure:4652: checking for _Bool
configure:4652: gcc -c -g -O2  conftest.c >&5
configure:4652: $? = 0
configure:4652: gcc -c -g -O2  conftest.c >&5
conftest.c: In function 'main':
conftest.c:57:20: error: expected expression before ')' token
   57 | if (sizeof ((_Bool)))
      |                    ^
configure:4652: $? = 1
configure: failed program was:
| /* confdefs.h */
| #define PACKAGE_NAME "ProgramDist"
| #define PACKAGE_TARNAME "programdist"
| #define PACKAGE_VERSION "0.01"
| #define PACKAGE_STRING "ProgramDist 0.01"
| #define PACKAGE_BUGREPORT "fasgetz@yandex.ru"
| #define PACKAGE_URL ""
| #define PACKAGE "programdist"
| #define VERSION "0.01"
| #define STDC_HEADERS 1
| #define HAVE_SYS_TYPES_H 1
| #define HAVE_SYS_STAT_H 1
| #define HAVE_STDLIB_H 1
| #define HAVE_STRING_H 1
| #define HAVE_MEMORY_H 1
| #define HAVE_STRINGS_H 1
| #define HAVE_INTTYPES_H 1
| #define HAVE_STDINT_H 1
| #define HAVE_UNISTD_H 1
| /* end confdefs.h.  */
| #include <stdio.h>
| #ifdef HAVE_SYS_TYPES_H
| # include <sys/types.h>
| #endif
| #ifdef HAVE_SYS_STAT_H
| # include <sys/stat.h>
| #endif
| #ifdef STDC_HEADERS
| # include <stdlib.h>
| # include <stddef.h>
| #else
| # ifdef HAVE_STDLIB_H
| #  include <stdlib.h>
| # endif
| #endif
| #ifdef HAVE_STRING_H
| # if !defined STDC_HEADERS && defined HAVE_MEMORY_H
| #  include <memory.h>
| # endif
| # include <string.h>
| #endif
| #ifdef HAVE_STRINGS_H
| # include <strings.h>
| #endif
| #ifdef HAVE_INTTYPES_H
| # include <inttypes.h>
| #endif
| #ifdef HAVE_STDINT_H
| # include <stdint.h>
| #endif
| #ifdef HAVE_UNISTD_H
| # include <unistd.h>
| #endif
| int
| main ()
| {
| if (sizeof ((_Bool)))
| 	    return 0;
|   ;
|   return 0;
| }
configure:4652: result: yes
configure:4667: checking for setlocale
configure:4667: gcc -o conftest -g -O2   conftest.c  >&5
configure:4667: $? = 0
configure:4667: result: yes
configure:4781: checking that generated files are newer than configure
configure:4787: result: done
configure:4814: creating ./config.status

## ---------------------- ##
## Running config.status. ##
## ---------------------- ##

This file was extended by ProgramDist config.status 0.01, which was
generated by GNU Autoconf 2.69.  Invocation command line was

  CONFIG_FILES    = 
  CONFIG_HEADERS  = 
  CONFIG_LINKS    = 
  CONFIG_COMMANDS = 
  $ ./config.status 

on ubuntu

config.status:858: creating Makefile
config.status:858: creating src/Makefile
config.status:858: creating config.h
config.status:1087: executing depfiles commands
config.status:1164: cd src       && sed -e '/# am--include-marker/d' Makefile         | make -f - am--depfiles
config.status:1169: $? = 0

## ---------------- ##
## Cache variables. ##
## ---------------- ##

ac_cv_c_compiler_gnu=yes
ac_cv_cxx_compiler_gnu=yes
ac_cv_env_CCC_set=
ac_cv_env_CCC_value=
ac_cv_env_CC_set=
ac_cv_env_CC_value=
ac_cv_env_CFLAGS_set=
ac_cv_env_CFLAGS_value=
ac_cv_env_CPPFLAGS_set=
ac_cv_env_CPPFLAGS_value=
ac_cv_env_CPP_set=
ac_cv_env_CPP_value=
ac_cv_env_CXXFLAGS_set=
ac_cv_env_CXXFLAGS_value=
ac_cv_env_CXX_set=
ac_cv_env_CXX_value=
ac_cv_env_LDFLAGS_set=
ac_cv_env_LDFLAGS_value=
ac_cv_env_LIBS_set=
ac_cv_env_LIBS_value=
ac_cv_env_build_alias_set=
ac_cv_env_build_alias_value=
ac_cv_env_host_alias_set=
ac_cv_env_host_alias_value=
ac_cv_env_target_alias_set=
ac_cv_env_target_alias_value=
ac_cv_func_setlocale=yes
ac_cv_header_inttypes_h=yes
ac_cv_header_memory_h=yes
ac_cv_header_stdbool_h=yes
ac_cv_header_stdc=yes
ac_cv_header_stdint_h=yes
ac_cv_header_stdlib_h=yes
ac_cv_header_string_h=yes
ac_cv_header_strings_h=yes
ac_cv_header_sys_stat_h=yes
ac_cv_header_sys_types_h=yes
ac_cv_header_unistd_h=yes
ac_cv_objext=o
ac_cv_path_EGREP='/usr/bin/grep -E'
ac_cv_path_GREP=/usr/bin/grep
ac_cv_path_install='/usr/bin/install -c'
ac_cv_path_mkdir=/usr/bin/mkdir
ac_cv_prog_AWK=gawk
ac_cv_prog_CPP='gcc -E'
ac_cv_prog_ac_ct_CC=gcc
ac_cv_prog_ac_ct_CXX=g++
ac_cv_prog_cc_c89=
ac_cv_prog_cc_g=yes
ac_cv_prog_cxx_g=yes
ac_cv_prog_make_make_set=yes
ac_cv_type__Bool=yes
am_cv_CC_dependencies_compiler_type=gcc3
am_cv_CXX_dependencies_compiler_type=gcc3
am_cv_make_support_nested_variables=yes
am_cv_prog_cc_c_o=yes

## ----------------- ##
## Output variables. ##
## ----------------- ##

ACLOCAL='${SHELL} /home/user/Desktop/pr2/Autotools/missing aclocal-1.16'
AMDEPBACKSLASH='\'
AMDEP_FALSE='#'
AMDEP_TRUE=''
AMTAR='$${TAR-tar}'
AM_BACKSLASH='\'
AM_DEFAULT_V='$(AM_DEFAULT_VERBOSITY)'
AM_DEFAULT_VERBOSITY='1'
AM_V='$(V)'
AUTOCONF='${SHELL} /home/user/Desktop/pr2/Autotools/missing autoconf'
AUTOHEADER='${SHELL} /home/user/Desktop/pr2/Autotools/missing autoheader'
AUTOMAKE='${SHELL} /home/user/Desktop/pr2/Autotools/missing automake-1.16'
AWK='gawk'
CC='gcc'
CCDEPMODE='depmode=gcc3'
CFLAGS='-g -O2'
CPP='gcc -E'
CPPFLAGS=''
CXX='g++'
CXXDEPMODE='depmode=gcc3'
CXXFLAGS='-g -O2'
CYGPATH_W='echo'
DEFS='-DHAVE_CONFIG_H'
DEPDIR='.deps'
ECHO_C=''
ECHO_N='-n'
ECHO_T=''
EGREP='/usr/bin/grep -E'
EXEEXT=''
GREP='/usr/bin/grep'
INSTALL_DATA='${INSTALL} -m 644'
INSTALL_PROGRAM='${INSTALL}'
INSTALL_SCRIPT='${INSTALL}'
INSTALL_STRIP_PROGRAM='$(install_sh) -c -s'
LDFLAGS=''
LIBOBJS=''
LIBS=''
LTLIBOBJS=''
MAKEINFO='${SHELL} /home/user/Desktop/pr2/Autotools/missing makeinfo'
MKDIR_P='/usr/bin/mkdir -p'
OBJEXT='o'
PACKAGE='programdist'
PACKAGE_BUGREPORT='fasgetz@yandex.ru'
PACKAGE_NAME='ProgramDist'
PACKAGE_STRING='ProgramDist 0.01'
PACKAGE_TARNAME='programdist'
PACKAGE_URL=''
PACKAGE_VERSION='0.01'
PATH_SEPARATOR=':'
SET_MAKE=''
SHELL='/bin/bash'
STRIP=''
VERSION='0.01'
ac_ct_CC='gcc'
ac_ct_CXX='g++'
am__EXEEXT_FALSE=''
am__EXEEXT_TRUE='#'
am__fastdepCC_FALSE='#'
am__fastdepCC_TRUE=''
am__fastdepCXX_FALSE='#'
am__fastdepCXX_TRUE=''
am__include='include'
am__isrc=''
am__leading_dot='.'
am__nodep='_no'
am__quote=''
am__tar='$${TAR-tar} chof - "$$tardir"'
am__untar='$${TAR-tar} xf -'
bindir='${exec_prefix}/bin'
build_alias=''
datadir='${datarootdir}'
datarootdir='${prefix}/share'
docdir='${datarootdir}/doc/${PACKAGE_TARNAME}'
dvidir='${docdir}'
exec_prefix='${prefix}'
host_alias=''
htmldir='${docdir}'
includedir='${prefix}/include'
infodir='${datarootdir}/info'
install_sh='${SHELL} /home/user/Desktop/pr2/Autotools/install-sh'
libdir='${exec_prefix}/lib'
libexecdir='${exec_prefix}/libexec'
localedir='${datarootdir}/locale'
localstatedir='${prefix}/var'
mandir='${datarootdir}/man'
mkdir_p='$(MKDIR_P)'
oldincludedir='/usr/include'
pdfdir='${docdir}'
prefix='/usr/local'
program_transform_name='s,x,x,'
psdir='${docdir}'
runstatedir='${localstatedir}/run'
sbindir='${exec_prefix}/sbin'
sharedstatedir='${prefix}/com'
sysconfdir='${prefix}/etc'
target_alias=''

## ----------- ##
## confdefs.h. ##
## ----------- ##

/* confdefs.h */
#define PACKAGE_NAME "ProgramDist"
#define PACKAGE_TARNAME "programdist"
#define PACKAGE_VERSION "0.01"
#define PACKAGE_STRING "ProgramDist 0.01"
#define PACKAGE_BUGREPORT "fasgetz@yandex.ru"
#define PACKAGE_URL ""
#define PACKAGE "programdist"
#define VERSION "0.01"
#define STDC_HEADERS 1
#define HAVE_SYS_TYPES_H 1
#define HAVE_SYS_STAT_H 1
#define HAVE_STDLIB_H 1
#define HAVE_STRING_H 1
#define HAVE_MEMORY_H 1
#define HAVE_STRINGS_H 1
#define HAVE_INTTYPES_H 1
#define HAVE_STDINT_H 1
#define HAVE_UNISTD_H 1
#define HAVE__BOOL 1
#define HAVE_SETLOCALE 1

configure: exit 0
